{
  "uid" : "48e312cbfbafb061",
  "name" : "User plus 2 number successfully -- @1.1 ",
  "historyId" : "d3ea4bb2bf154517593aefde600b3b4a",
  "time" : {
    "start" : 1604220281740,
    "stop" : 1604220314230,
    "duration" : 32490
  },
  "status" : "failed",
  "statusMessage" : "AssertionError: Dont see final result\n",
  "statusTrace" : "  File \"C:\\Users\\ntngo\\AppData\\Local\\Programs\\Python\\Python38-32\\lib\\site-packages\\behave\\model.py\", line 1329, in run\n    match.run(runner.context)\n  File \"C:\\Users\\ntngo\\AppData\\Local\\Programs\\Python\\Python38-32\\lib\\site-packages\\behave\\matchers.py\", line 98, in run\n    self.func(context, *args, **kwargs)\n  File \"steps\\mainPage.py\", line 88, in title\n    assert False, \"Dont see final result\"\n",
  "flaky" : false,
  "newFailed" : false,
  "beforeStages" : [ ],
  "testStage" : {
    "status" : "failed",
    "statusMessage" : "AssertionError: Dont see final result\n",
    "statusTrace" : "  File \"C:\\Users\\ntngo\\AppData\\Local\\Programs\\Python\\Python38-32\\lib\\site-packages\\behave\\model.py\", line 1329, in run\n    match.run(runner.context)\n  File \"C:\\Users\\ntngo\\AppData\\Local\\Programs\\Python\\Python38-32\\lib\\site-packages\\behave\\matchers.py\", line 98, in run\n    self.func(context, *args, **kwargs)\n  File \"steps\\mainPage.py\", line 88, in title\n    assert False, \"Dont see final result\"\n",
    "steps" : [ {
      "name" : "Given User navigate to Calculator application",
      "time" : {
        "start" : 1604220281745,
        "stop" : 1604220300826,
        "duration" : 19081
      },
      "status" : "passed",
      "steps" : [ ],
      "attachments" : [ ],
      "parameters" : [ ],
      "stepsCount" : 0,
      "hasContent" : false,
      "shouldDisplayMessage" : false,
      "attachmentsCount" : 0
    }, {
      "name" : "Then User must see title with \"Simple Calculator\"",
      "time" : {
        "start" : 1604220300826,
        "stop" : 1604220301307,
        "duration" : 481
      },
      "status" : "passed",
      "steps" : [ ],
      "attachments" : [ ],
      "parameters" : [ ],
      "stepsCount" : 0,
      "hasContent" : false,
      "shouldDisplayMessage" : false,
      "attachmentsCount" : 0
    }, {
      "name" : "When User press first number with \"10\"",
      "time" : {
        "start" : 1604220301307,
        "stop" : 1604220305890,
        "duration" : 4583
      },
      "status" : "passed",
      "steps" : [ ],
      "attachments" : [ ],
      "parameters" : [ ],
      "stepsCount" : 0,
      "hasContent" : false,
      "shouldDisplayMessage" : false,
      "attachmentsCount" : 0
    }, {
      "name" : "And User press \"+\" symbol",
      "time" : {
        "start" : 1604220305890,
        "stop" : 1604220307541,
        "duration" : 1651
      },
      "status" : "passed",
      "steps" : [ ],
      "attachments" : [ ],
      "parameters" : [ ],
      "stepsCount" : 0,
      "hasContent" : false,
      "shouldDisplayMessage" : false,
      "attachmentsCount" : 0
    }, {
      "name" : "And User press second number with \"2\"",
      "time" : {
        "start" : 1604220307541,
        "stop" : 1604220310601,
        "duration" : 3060
      },
      "status" : "passed",
      "steps" : [ ],
      "attachments" : [ ],
      "parameters" : [ ],
      "stepsCount" : 0,
      "hasContent" : false,
      "shouldDisplayMessage" : false,
      "attachmentsCount" : 0
    }, {
      "name" : "And User press \"=\" button",
      "time" : {
        "start" : 1604220310602,
        "stop" : 1604220313883,
        "duration" : 3281
      },
      "status" : "passed",
      "steps" : [ ],
      "attachments" : [ ],
      "parameters" : [ ],
      "stepsCount" : 0,
      "hasContent" : false,
      "shouldDisplayMessage" : false,
      "attachmentsCount" : 0
    }, {
      "name" : "Then User must see the result with \"10.0\"",
      "time" : {
        "start" : 1604220313884,
        "stop" : 1604220314228,
        "duration" : 344
      },
      "status" : "failed",
      "statusMessage" : "AssertionError: Dont see final result\n",
      "statusTrace" : "  File \"C:\\Users\\ntngo\\AppData\\Local\\Programs\\Python\\Python38-32\\lib\\site-packages\\behave\\model.py\", line 1329, in run\n    match.run(runner.context)\n  File \"C:\\Users\\ntngo\\AppData\\Local\\Programs\\Python\\Python38-32\\lib\\site-packages\\behave\\matchers.py\", line 98, in run\n    self.func(context, *args, **kwargs)\n  File \"steps\\mainPage.py\", line 88, in title\n    assert False, \"Dont see final result\"\n",
      "steps" : [ ],
      "attachments" : [ ],
      "parameters" : [ ],
      "stepsCount" : 0,
      "hasContent" : true,
      "shouldDisplayMessage" : true,
      "attachmentsCount" : 0
    } ],
    "attachments" : [ ],
    "parameters" : [ ],
    "stepsCount" : 7,
    "hasContent" : true,
    "shouldDisplayMessage" : false,
    "attachmentsCount" : 0
  },
  "afterStages" : [ ],
  "labels" : [ {
    "name" : "severity",
    "value" : "normal"
  }, {
    "name" : "tag",
    "value" : "SignIn"
  }, {
    "name" : "feature",
    "value" : "MainPage"
  }, {
    "name" : "framework",
    "value" : "behave"
  }, {
    "name" : "language",
    "value" : "cpython3"
  }, {
    "name" : "resultFormat",
    "value" : "allure2"
  } ],
  "parameters" : [ {
    "name" : "message",
    "value" : "10.0"
  }, {
    "name" : "number1",
    "value" : "10"
  }, {
    "name" : "number2",
    "value" : "2"
  }, {
    "name" : "result",
    "value" : "="
  }, {
    "name" : "symbol",
    "value" : "+"
  } ],
  "links" : [ ],
  "hidden" : true,
  "retry" : true,
  "extra" : {
    "categories" : [ ],
    "tags" : [ "SignIn" ]
  },
  "source" : "48e312cbfbafb061.json",
  "parameterValues" : [ "10.0", "10", "2", "=", "+" ]
}