{
  "uid" : "4ea6d5a1df25efdd",
  "name" : "Dome User plus 2 number successfully -- @1.1 ",
  "historyId" : "d0d38299603cee9ea89670f8186e0db5",
  "time" : {
    "start" : 1604223348373,
    "stop" : 1604223385232,
    "duration" : 36859
  },
  "status" : "failed",
  "statusMessage" : "AssertionError: Dont see final result\n",
  "statusTrace" : "  File \"C:\\Users\\ntngo\\AppData\\Local\\Programs\\Python\\Python38-32\\lib\\site-packages\\behave\\model.py\", line 1329, in run\n    match.run(runner.context)\n  File \"C:\\Users\\ntngo\\AppData\\Local\\Programs\\Python\\Python38-32\\lib\\site-packages\\behave\\matchers.py\", line 98, in run\n    self.func(context, *args, **kwargs)\n  File \"steps\\mainPage.py\", line 88, in title\n    assert False, \"Dont see final result\"\n",
  "flaky" : false,
  "newFailed" : false,
  "beforeStages" : [ ],
  "testStage" : {
    "status" : "failed",
    "statusMessage" : "AssertionError: Dont see final result\n",
    "statusTrace" : "  File \"C:\\Users\\ntngo\\AppData\\Local\\Programs\\Python\\Python38-32\\lib\\site-packages\\behave\\model.py\", line 1329, in run\n    match.run(runner.context)\n  File \"C:\\Users\\ntngo\\AppData\\Local\\Programs\\Python\\Python38-32\\lib\\site-packages\\behave\\matchers.py\", line 98, in run\n    self.func(context, *args, **kwargs)\n  File \"steps\\mainPage.py\", line 88, in title\n    assert False, \"Dont see final result\"\n",
    "steps" : [ {
      "name" : "Given User navigate to Calculator application",
      "time" : {
        "start" : 1604223348379,
        "stop" : 1604223368396,
        "duration" : 20017
      },
      "status" : "passed",
      "steps" : [ ],
      "attachments" : [ ],
      "parameters" : [ ],
      "stepsCount" : 0,
      "hasContent" : false,
      "attachmentsCount" : 0,
      "shouldDisplayMessage" : false
    }, {
      "name" : "Then User must see title with \"Simple Calculator\"",
      "time" : {
        "start" : 1604223368396,
        "stop" : 1604223369197,
        "duration" : 801
      },
      "status" : "passed",
      "steps" : [ ],
      "attachments" : [ ],
      "parameters" : [ ],
      "stepsCount" : 0,
      "hasContent" : false,
      "attachmentsCount" : 0,
      "shouldDisplayMessage" : false
    }, {
      "name" : "When User press first number with \"11\"",
      "time" : {
        "start" : 1604223369197,
        "stop" : 1604223377004,
        "duration" : 7807
      },
      "status" : "passed",
      "steps" : [ ],
      "attachments" : [ ],
      "parameters" : [ ],
      "stepsCount" : 0,
      "hasContent" : false,
      "attachmentsCount" : 0,
      "shouldDisplayMessage" : false
    }, {
      "name" : "And User press \"+\" symbol",
      "time" : {
        "start" : 1604223377005,
        "stop" : 1604223378640,
        "duration" : 1635
      },
      "status" : "passed",
      "steps" : [ ],
      "attachments" : [ ],
      "parameters" : [ ],
      "stepsCount" : 0,
      "hasContent" : false,
      "attachmentsCount" : 0,
      "shouldDisplayMessage" : false
    }, {
      "name" : "And User press second number with \"2\"",
      "time" : {
        "start" : 1604223378640,
        "stop" : 1604223381652,
        "duration" : 3012
      },
      "status" : "passed",
      "steps" : [ ],
      "attachments" : [ ],
      "parameters" : [ ],
      "stepsCount" : 0,
      "hasContent" : false,
      "attachmentsCount" : 0,
      "shouldDisplayMessage" : false
    }, {
      "name" : "And User press \"=\" button",
      "time" : {
        "start" : 1604223381653,
        "stop" : 1604223384703,
        "duration" : 3050
      },
      "status" : "passed",
      "steps" : [ ],
      "attachments" : [ ],
      "parameters" : [ ],
      "stepsCount" : 0,
      "hasContent" : false,
      "attachmentsCount" : 0,
      "shouldDisplayMessage" : false
    }, {
      "name" : "Then User must see the result with \"13.0\"",
      "time" : {
        "start" : 1604223384704,
        "stop" : 1604223385229,
        "duration" : 525
      },
      "status" : "failed",
      "statusMessage" : "AssertionError: Dont see final result\n",
      "statusTrace" : "  File \"C:\\Users\\ntngo\\AppData\\Local\\Programs\\Python\\Python38-32\\lib\\site-packages\\behave\\model.py\", line 1329, in run\n    match.run(runner.context)\n  File \"C:\\Users\\ntngo\\AppData\\Local\\Programs\\Python\\Python38-32\\lib\\site-packages\\behave\\matchers.py\", line 98, in run\n    self.func(context, *args, **kwargs)\n  File \"steps\\mainPage.py\", line 88, in title\n    assert False, \"Dont see final result\"\n",
      "steps" : [ ],
      "attachments" : [ ],
      "parameters" : [ ],
      "stepsCount" : 0,
      "hasContent" : true,
      "attachmentsCount" : 0,
      "shouldDisplayMessage" : true
    } ],
    "attachments" : [ ],
    "parameters" : [ ],
    "stepsCount" : 7,
    "hasContent" : true,
    "attachmentsCount" : 0,
    "shouldDisplayMessage" : false
  },
  "afterStages" : [ ],
  "labels" : [ {
    "name" : "severity",
    "value" : "normal"
  }, {
    "name" : "tag",
    "value" : "SignIn"
  }, {
    "name" : "feature",
    "value" : "MainPage"
  }, {
    "name" : "framework",
    "value" : "behave"
  }, {
    "name" : "language",
    "value" : "cpython3"
  }, {
    "name" : "resultFormat",
    "value" : "allure2"
  } ],
  "parameters" : [ {
    "name" : "message",
    "value" : "13.0"
  }, {
    "name" : "number1",
    "value" : "11"
  }, {
    "name" : "number2",
    "value" : "2"
  }, {
    "name" : "result",
    "value" : "="
  }, {
    "name" : "symbol",
    "value" : "+"
  } ],
  "links" : [ ],
  "hidden" : false,
  "retry" : false,
  "extra" : {
    "severity" : "normal",
    "retries" : [ ],
    "categories" : [ {
      "name" : "Product defects",
      "matchedStatuses" : [ ],
      "flaky" : false
    } ],
    "tags" : [ "SignIn" ]
  },
  "source" : "4ea6d5a1df25efdd.json",
  "parameterValues" : [ "13.0", "11", "2", "=", "+" ]
}