{
  "uid" : "657c33561f0d7302",
  "name" : "User plus 2 number successfully -- @1.1 ",
  "historyId" : "b25e046a7cd574a2b1f9cba03d97128c",
  "time" : {
    "start" : 1604133122645,
    "stop" : 1604133143181,
    "duration" : 20536
  },
  "status" : "failed",
  "statusMessage" : "AssertionError: Dont see message\n",
  "statusTrace" : "  File \"C:\\Users\\ntngo\\AppData\\Local\\Programs\\Python\\Python38-32\\lib\\site-packages\\behave\\model.py\", line 1329, in run\n    match.run(runner.context)\n  File \"C:\\Users\\ntngo\\AppData\\Local\\Programs\\Python\\Python38-32\\lib\\site-packages\\behave\\matchers.py\", line 98, in run\n    self.func(context, *args, **kwargs)\n  File \"steps\\mainPage.py\", line 23, in title\n    assert False, \"Dont see message\"\n",
  "flaky" : false,
  "newFailed" : false,
  "beforeStages" : [ ],
  "testStage" : {
    "status" : "failed",
    "statusMessage" : "AssertionError: Dont see message\n",
    "statusTrace" : "  File \"C:\\Users\\ntngo\\AppData\\Local\\Programs\\Python\\Python38-32\\lib\\site-packages\\behave\\model.py\", line 1329, in run\n    match.run(runner.context)\n  File \"C:\\Users\\ntngo\\AppData\\Local\\Programs\\Python\\Python38-32\\lib\\site-packages\\behave\\matchers.py\", line 98, in run\n    self.func(context, *args, **kwargs)\n  File \"steps\\mainPage.py\", line 23, in title\n    assert False, \"Dont see message\"\n",
    "steps" : [ {
      "name" : "Given User navigate to Calculator application",
      "time" : {
        "start" : 1604133122648,
        "stop" : 1604133141157,
        "duration" : 18509
      },
      "status" : "passed",
      "steps" : [ ],
      "attachments" : [ ],
      "parameters" : [ ],
      "hasContent" : false,
      "stepsCount" : 0,
      "shouldDisplayMessage" : false,
      "attachmentsCount" : 0
    }, {
      "name" : "Then User must see title with \"Simple Calculator\"",
      "time" : {
        "start" : 1604133141158,
        "stop" : 1604133143176,
        "duration" : 2018
      },
      "status" : "failed",
      "statusMessage" : "AssertionError: Dont see message\n",
      "statusTrace" : "  File \"C:\\Users\\ntngo\\AppData\\Local\\Programs\\Python\\Python38-32\\lib\\site-packages\\behave\\model.py\", line 1329, in run\n    match.run(runner.context)\n  File \"C:\\Users\\ntngo\\AppData\\Local\\Programs\\Python\\Python38-32\\lib\\site-packages\\behave\\matchers.py\", line 98, in run\n    self.func(context, *args, **kwargs)\n  File \"steps\\mainPage.py\", line 23, in title\n    assert False, \"Dont see message\"\n",
      "steps" : [ ],
      "attachments" : [ ],
      "parameters" : [ ],
      "hasContent" : true,
      "stepsCount" : 0,
      "shouldDisplayMessage" : true,
      "attachmentsCount" : 0
    }, {
      "name" : "When User press first number with \"1\"",
      "time" : {
        "start" : 1604133143180,
        "stop" : 1604133143180,
        "duration" : 0
      },
      "status" : "skipped",
      "steps" : [ ],
      "attachments" : [ ],
      "parameters" : [ ],
      "hasContent" : false,
      "stepsCount" : 0,
      "shouldDisplayMessage" : false,
      "attachmentsCount" : 0
    }, {
      "name" : "And User press \"+\" symbol",
      "time" : {
        "start" : 1604133143180,
        "stop" : 1604133143180,
        "duration" : 0
      },
      "status" : "skipped",
      "steps" : [ ],
      "attachments" : [ ],
      "parameters" : [ ],
      "hasContent" : false,
      "stepsCount" : 0,
      "shouldDisplayMessage" : false,
      "attachmentsCount" : 0
    }, {
      "name" : "And User press second number with \"2\"",
      "time" : {
        "start" : 1604133143180,
        "stop" : 1604133143180,
        "duration" : 0
      },
      "status" : "skipped",
      "steps" : [ ],
      "attachments" : [ ],
      "parameters" : [ ],
      "hasContent" : false,
      "stepsCount" : 0,
      "shouldDisplayMessage" : false,
      "attachmentsCount" : 0
    }, {
      "name" : "And User press \"=\" button",
      "time" : {
        "start" : 1604133143181,
        "stop" : 1604133143181,
        "duration" : 0
      },
      "status" : "skipped",
      "steps" : [ ],
      "attachments" : [ ],
      "parameters" : [ ],
      "hasContent" : false,
      "stepsCount" : 0,
      "shouldDisplayMessage" : false,
      "attachmentsCount" : 0
    }, {
      "name" : "Then User must see the result with \"3.0\"",
      "time" : {
        "start" : 1604133143181,
        "stop" : 1604133143181,
        "duration" : 0
      },
      "status" : "skipped",
      "steps" : [ ],
      "attachments" : [ ],
      "parameters" : [ ],
      "hasContent" : false,
      "stepsCount" : 0,
      "shouldDisplayMessage" : false,
      "attachmentsCount" : 0
    } ],
    "attachments" : [ ],
    "parameters" : [ ],
    "hasContent" : true,
    "stepsCount" : 7,
    "shouldDisplayMessage" : false,
    "attachmentsCount" : 0
  },
  "afterStages" : [ ],
  "labels" : [ {
    "name" : "severity",
    "value" : "normal"
  }, {
    "name" : "tag",
    "value" : "SignIn"
  }, {
    "name" : "feature",
    "value" : "MainPage"
  }, {
    "name" : "framework",
    "value" : "behave"
  }, {
    "name" : "language",
    "value" : "cpython3"
  }, {
    "name" : "resultFormat",
    "value" : "allure2"
  } ],
  "parameters" : [ {
    "name" : "message",
    "value" : "3.0"
  }, {
    "name" : "number1",
    "value" : "1"
  }, {
    "name" : "number2",
    "value" : "2"
  }, {
    "name" : "result",
    "value" : "="
  }, {
    "name" : "symbol",
    "value" : "+"
  } ],
  "links" : [ ],
  "hidden" : true,
  "retry" : true,
  "extra" : {
    "categories" : [ ],
    "tags" : [ "SignIn" ]
  },
  "source" : "657c33561f0d7302.json",
  "parameterValues" : [ "3.0", "1", "2", "=", "+" ]
}