{
  "uid" : "9c8e5b78c992b877",
  "name" : "User plus 2 number successfully -- @1.1 ",
  "historyId" : "d3ea4bb2bf154517593aefde600b3b4a",
  "time" : {
    "start" : 1604221029597,
    "stop" : 1604221060921,
    "duration" : 31324
  },
  "status" : "failed",
  "statusMessage" : "AssertionError: Dont see final result\n",
  "statusTrace" : "  File \"C:\\Users\\ntngo\\AppData\\Local\\Programs\\Python\\Python38-32\\lib\\site-packages\\behave\\model.py\", line 1329, in run\n    match.run(runner.context)\n  File \"C:\\Users\\ntngo\\AppData\\Local\\Programs\\Python\\Python38-32\\lib\\site-packages\\behave\\matchers.py\", line 98, in run\n    self.func(context, *args, **kwargs)\n  File \"steps\\mainPage.py\", line 88, in title\n    assert False, \"Dont see final result\"\n",
  "flaky" : false,
  "newFailed" : false,
  "beforeStages" : [ ],
  "testStage" : {
    "status" : "failed",
    "statusMessage" : "AssertionError: Dont see final result\n",
    "statusTrace" : "  File \"C:\\Users\\ntngo\\AppData\\Local\\Programs\\Python\\Python38-32\\lib\\site-packages\\behave\\model.py\", line 1329, in run\n    match.run(runner.context)\n  File \"C:\\Users\\ntngo\\AppData\\Local\\Programs\\Python\\Python38-32\\lib\\site-packages\\behave\\matchers.py\", line 98, in run\n    self.func(context, *args, **kwargs)\n  File \"steps\\mainPage.py\", line 88, in title\n    assert False, \"Dont see final result\"\n",
    "steps" : [ {
      "name" : "Given User navigate to Calculator application",
      "time" : {
        "start" : 1604221029602,
        "stop" : 1604221048318,
        "duration" : 18716
      },
      "status" : "passed",
      "steps" : [ ],
      "attachments" : [ ],
      "parameters" : [ ],
      "hasContent" : false,
      "stepsCount" : 0,
      "shouldDisplayMessage" : false,
      "attachmentsCount" : 0
    }, {
      "name" : "Then User must see title with \"Simple Calculator\"",
      "time" : {
        "start" : 1604221048318,
        "stop" : 1604221048752,
        "duration" : 434
      },
      "status" : "passed",
      "steps" : [ ],
      "attachments" : [ ],
      "parameters" : [ ],
      "hasContent" : false,
      "stepsCount" : 0,
      "shouldDisplayMessage" : false,
      "attachmentsCount" : 0
    }, {
      "name" : "When User press first number with \"10\"",
      "time" : {
        "start" : 1604221048753,
        "stop" : 1604221053448,
        "duration" : 4695
      },
      "status" : "passed",
      "steps" : [ ],
      "attachments" : [ ],
      "parameters" : [ ],
      "hasContent" : false,
      "stepsCount" : 0,
      "shouldDisplayMessage" : false,
      "attachmentsCount" : 0
    }, {
      "name" : "And User press \"+\" symbol",
      "time" : {
        "start" : 1604221053449,
        "stop" : 1604221054997,
        "duration" : 1548
      },
      "status" : "passed",
      "steps" : [ ],
      "attachments" : [ ],
      "parameters" : [ ],
      "hasContent" : false,
      "stepsCount" : 0,
      "shouldDisplayMessage" : false,
      "attachmentsCount" : 0
    }, {
      "name" : "And User press second number with \"2\"",
      "time" : {
        "start" : 1604221054997,
        "stop" : 1604221057870,
        "duration" : 2873
      },
      "status" : "passed",
      "steps" : [ ],
      "attachments" : [ ],
      "parameters" : [ ],
      "hasContent" : false,
      "stepsCount" : 0,
      "shouldDisplayMessage" : false,
      "attachmentsCount" : 0
    }, {
      "name" : "And User press \"=\" button",
      "time" : {
        "start" : 1604221057871,
        "stop" : 1604221060629,
        "duration" : 2758
      },
      "status" : "passed",
      "steps" : [ ],
      "attachments" : [ ],
      "parameters" : [ ],
      "hasContent" : false,
      "stepsCount" : 0,
      "shouldDisplayMessage" : false,
      "attachmentsCount" : 0
    }, {
      "name" : "Then User must see the result with \"10.0\"",
      "time" : {
        "start" : 1604221060630,
        "stop" : 1604221060918,
        "duration" : 288
      },
      "status" : "failed",
      "statusMessage" : "AssertionError: Dont see final result\n",
      "statusTrace" : "  File \"C:\\Users\\ntngo\\AppData\\Local\\Programs\\Python\\Python38-32\\lib\\site-packages\\behave\\model.py\", line 1329, in run\n    match.run(runner.context)\n  File \"C:\\Users\\ntngo\\AppData\\Local\\Programs\\Python\\Python38-32\\lib\\site-packages\\behave\\matchers.py\", line 98, in run\n    self.func(context, *args, **kwargs)\n  File \"steps\\mainPage.py\", line 88, in title\n    assert False, \"Dont see final result\"\n",
      "steps" : [ ],
      "attachments" : [ ],
      "parameters" : [ ],
      "hasContent" : true,
      "stepsCount" : 0,
      "shouldDisplayMessage" : true,
      "attachmentsCount" : 0
    } ],
    "attachments" : [ ],
    "parameters" : [ ],
    "hasContent" : true,
    "stepsCount" : 7,
    "shouldDisplayMessage" : false,
    "attachmentsCount" : 0
  },
  "afterStages" : [ ],
  "labels" : [ {
    "name" : "severity",
    "value" : "normal"
  }, {
    "name" : "tag",
    "value" : "SignIn"
  }, {
    "name" : "feature",
    "value" : "MainPage"
  }, {
    "name" : "framework",
    "value" : "behave"
  }, {
    "name" : "language",
    "value" : "cpython3"
  }, {
    "name" : "resultFormat",
    "value" : "allure2"
  } ],
  "parameters" : [ {
    "name" : "message",
    "value" : "10.0"
  }, {
    "name" : "number1",
    "value" : "10"
  }, {
    "name" : "number2",
    "value" : "2"
  }, {
    "name" : "result",
    "value" : "="
  }, {
    "name" : "symbol",
    "value" : "+"
  } ],
  "links" : [ ],
  "hidden" : false,
  "retry" : false,
  "extra" : {
    "severity" : "normal",
    "retries" : [ {
      "uid" : "2e1eed54527d9d4",
      "status" : "failed",
      "statusDetails" : "AssertionError: Dont see final result\n",
      "time" : {
        "start" : 1604220591399,
        "stop" : 1604220622343,
        "duration" : 30944
      }
    }, {
      "uid" : "6432979a08d9b28",
      "status" : "failed",
      "statusDetails" : "AssertionError: Dont see final result\n",
      "time" : {
        "start" : 1604220281740,
        "stop" : 1604220314230,
        "duration" : 32490
      }
    }, {
      "uid" : "7842bc5812856ae6",
      "status" : "failed",
      "statusDetails" : "AssertionError: Dont see final result\n",
      "time" : {
        "start" : 1604219942020,
        "stop" : 1604219975350,
        "duration" : 33330
      }
    } ],
    "categories" : [ {
      "name" : "Product defects",
      "matchedStatuses" : [ ],
      "flaky" : false
    } ],
    "history" : {
      "statistic" : {
        "failed" : 4,
        "broken" : 0,
        "skipped" : 0,
        "passed" : 0,
        "unknown" : 0,
        "total" : 4
      },
      "items" : [ {
        "uid" : "c533e2914005463c",
        "reportUrl" : "http://localhost:8080/job/my_calculator/16/allure/#testresult/c533e2914005463c",
        "status" : "failed",
        "statusDetails" : "AssertionError: Dont see final result\n",
        "time" : {
          "start" : 1604220591399,
          "stop" : 1604220622343,
          "duration" : 30944
        }
      }, {
        "uid" : "23a09fa56250fbd6",
        "reportUrl" : "http://localhost:8080/job/my_calculator/15/allure/#testresult/23a09fa56250fbd6",
        "status" : "failed",
        "statusDetails" : "AssertionError: Dont see final result\n",
        "time" : {
          "start" : 1604220281740,
          "stop" : 1604220314230,
          "duration" : 32490
        }
      }, {
        "uid" : "fb2d1a419f5af58e",
        "reportUrl" : "http://localhost:8080/job/my_calculator/14/allure/#testresult/fb2d1a419f5af58e",
        "status" : "failed",
        "statusDetails" : "AssertionError: Dont see final result\n",
        "time" : {
          "start" : 1604219942020,
          "stop" : 1604219975350,
          "duration" : 33330
        }
      } ]
    },
    "tags" : [ "SignIn" ]
  },
  "source" : "9c8e5b78c992b877.json",
  "parameterValues" : [ "10.0", "10", "2", "=", "+" ]
}